<?xml version="1.0" encoding="UTF-8"?>
<testsuite xmlns:xsi="http://www.w3.org/2001/XMLSchema-instance" xsi:noNamespaceSchemaLocation="https://maven.apache.org/surefire/maven-surefire-plugin/xsd/surefire-test-report.xsd" name="FakultaetTest" time="0.015" tests="4" errors="0" skipped="0" failures="1">
  <properties>
[...]
</properties>
  <testcase name="fact_I0_O1" classname="FakultaetTest" time="0.008"/>
  <testcase name="fact_I1_O1" classname="FakultaetTest" time="0"/>
  <testcase name="fact_I2_O2" classname="FakultaetTest" time="0"/>
  <testcase name="fact_I3_O6" classname="FakultaetTest" time="0.004">
    <failure message="expected: &lt;7&gt; but was: &lt;6&gt;" type="org.opentest4j.AssertionFailedError"><![CDATA[org.opentest4j.AssertionFailedError: expected: <7> but was: <6>
	at FakultaetTest.fact_I3_O6(FakultaetTest.java:23)
]]></failure>
  </testcase>
</testsuite>